<?xml version="1.0" encoding="UTF-8"?>
<!-- Generated by org.testng.reporters.JUnitReportReporter -->
<testsuite skipped="0" hostname="Admin" name="com.AceInvoice.Testcases.VerifySignUp" tests="1" failures="0" timestamp="04 Sep 2019 18:52:21 GMT" time="92.123" errors="0">
  <testcase name="verifyValidSignUp" time="92.123" classname="com.AceInvoice.Testcases.VerifySignUp"/>
</testsuite> <!-- com.AceInvoice.Testcases.VerifySignUp -->
